lib-progresswheel/build/outputs/logs/manifest-merger-debug-report.txt
-- Merging decision tree log ---
manifest
ADDED from Feedo/lib-progresswheel/AndroidManifest.xml:1:1-5:12
INJECTED from Feedo/lib-progresswheel/AndroidManifest.xml:1:1-5:12
INJECTED from Feedo/lib-progresswheel/AndroidManifest.xml:1:1-5:12
	package
		ADDED from Feedo/lib-progresswheel/AndroidManifest.xml:2:5-33
		INJECTED from Feedo/lib-progresswheel/AndroidManifest.xml
		INJECTED from Feedo/lib-progresswheel/AndroidManifest.xml
	xmlns:android
		ADDED from Feedo/lib-progresswheel/AndroidManifest.xml:1:11-69
application
ADDED from Feedo/lib-progresswheel/AndroidManifest.xml:4:5-20